# JRE version: Java(TM) SE Runtime Environment (24.0.1+9) (build 24.0.1+9-30)
# Java VM: Java HotSpot(TM) 64-Bit Server VM (24.0.1+9-30, mixed mode, sharing, tiered, compressed oops, compressed class ptrs, g1 gc, windows-amd64)
GC Precious Log:
 CardTable entry size: 512
 Card Set container configuration: InlinePtr #cards 5 size 8 Array Of Cards #cards 10 size 36 Howl #buckets 4 coarsen threshold 1843 Howl Bitmap #cards 512 size 80 coarsen threshold 460 Card regions per heap region 1 cards per card region 2048
 CPUs: 4 total, 4 available
 Memory: 3964M
 Large Page Support: Disabled
 NUMA Support: Disabled
 Compressed Oops: Enabled (32-bit)
 Heap Region Size: 1M
 Heap Min Capacity: 8M
 Heap Initial Capacity: 62M
 Heap Max Capacity: 992M
 Pre-touch: Disabled
 Parallel Workers: 4
 Concurrent Workers: 1
 Concurrent Refinement Workers: 4
 Periodic GC: Disabled
Heap:
 garbage-first heap   total reserved 1015808K, committed 73728K, used 29315K [0x00000000c2000000, 0x0000000100000000)
  region size 1024K, 4 young (4096K), 1 survivors (1024K)
 Metaspace       used 70674K, committed 71232K, reserved 1114112K
  class space    used 7351K, committed 7616K, reserved 1048576K
GC Heap History (20 events):
Event: 15744.664 GC heap before
{Heap before GC invocations=51 (full 0):
 garbage-first heap   total reserved 1015808K, committed 73728K, used 29272K [0x00000000c2000000, 0x0000000100000000)
  region size 1024K, 3 young (3072K), 1 survivors (1024K)
 Metaspace       used 70509K, committed 71040K, reserved 1114112K
  class space    used 7349K, committed 7616K, reserved 1048576K
}
Event: 15745.540 GC heap after
{Heap after GC invocations=52 (full 0):
 garbage-first heap   total reserved 1015808K, committed 73728K, used 27915K [0x00000000c2000000, 0x0000000100000000)
  region size 1024K, 1 young (1024K), 1 survivors (1024K)
 Metaspace       used 70509K, committed 71040K, reserved 1114112K
  class space    used 7349K, committed 7616K, reserved 1048576K
}
Event: 15862.951 GC heap before
{Heap before GC invocations=52 (full 0):
 garbage-first heap   total reserved 1015808K, committed 73728K, used 28939K [0x00000000c2000000, 0x0000000100000000)
  region size 1024K, 3 young (3072K), 1 survivors (1024K)
 Metaspace       used 70510K, committed 71040K, reserved 1114112K
  class space    used 7349K, committed 7616K, reserved 1048576K
}
Event: 15863.218 GC heap after
{Heap after GC invocations=53 (full 0):
 garbage-first heap   total reserved 1015808K, committed 73728K, used 27868K [0x00000000c2000000, 0x0000000100000000)
  region size 1024K, 1 young (1024K), 1 survivors (1024K)
 Metaspace       used 70510K, committed 71040K, reserved 1114112K
  class space    used 7349K, committed 7616K, reserved 1048576K
}
Event: 18064.823 GC heap before
{Heap before GC invocations=53 (full 0):
 garbage-first heap   total reserved 1015808K, committed 73728K, used 61660K [0x00000000c2000000, 0x0000000100000000)
  region size 1024K, 34 young (34816K), 1 survivors (1024K)
 Metaspace       used 70573K, committed 71168K, reserved 1114112K
  class space    used 7349K, committed 7616K, reserved 1048576K
}
Event: 18065.730 GC heap after
{Heap after GC invocations=54 (full 0):
 garbage-first heap   total reserved 1015808K, committed 73728K, used 28620K [0x00000000c2000000, 0x0000000100000000)
  region size 1024K, 2 young (2048K), 2 survivors (2048K)
 Metaspace       used 70573K, committed 71168K, reserved 1114112K
  class space    used 7349K, committed 7616K, reserved 1048576K
}
Event: 18162.537 GC heap before
{Heap before GC invocations=55 (full 0):
 garbage-first heap   total reserved 1015808K, committed 73728K, used 29644K [0x00000000c2000000, 0x0000000100000000)
  region size 1024K, 3 young (3072K), 2 survivors (2048K)
 Metaspace       used 70571K, committed 71168K, reserved 1114112K
  class space    used 7349K, committed 7616K, reserved 1048576K
}
Event: 18162.658 GC heap after
{Heap after GC invocations=56 (full 0):
 garbage-first heap   total reserved 1015808K, committed 73728K, used 28450K [0x00000000c2000000, 0x0000000100000000)
  region size 1024K, 1 young (1024K), 1 survivors (1024K)
 Metaspace       used 70571K, committed 71168K, reserved 1114112K
  class space    used 7349K, committed 7616K, reserved 1048576K
}
Event: 18343.722 GC heap before
{Heap before GC invocations=56 (full 0):
 garbage-first heap   total reserved 1015808K, committed 73728K, used 30498K [0x00000000c2000000, 0x0000000100000000)
  region size 1024K, 3 young (3072K), 1 survivors (1024K)
 Metaspace       used 70571K, committed 71168K, reserved 1114112K
  class space    used 7349K, committed 7616K, reserved 1048576K
}
Event: 18344.195 GC heap after
{Heap after GC invocations=57 (full 0):
 garbage-first heap   total reserved 1015808K, committed 73728K, used 28064K [0x00000000c2000000, 0x0000000100000000)
  region size 1024K, 1 young (1024K), 1 survivors (1024K)
 Metaspace       used 70571K, committed 71168K, reserved 1114112K
  class space    used 7349K, committed 7616K, reserved 1048576K
}
Event: 18523.498 GC heap before
{Heap before GC invocations=57 (full 0):
 garbage-first heap   total reserved 1015808K, committed 73728K, used 30112K [0x00000000c2000000, 0x0000000100000000)
  region size 1024K, 3 young (3072K), 1 survivors (1024K)
 Metaspace       used 70571K, committed 71168K, reserved 1114112K
  class space    used 7349K, committed 7616K, reserved 1048576K
}
Event: 18523.536 GC heap after
{Heap after GC invocations=58 (full 0):
 garbage-first heap   total reserved 1015808K, committed 73728K, used 27600K [0x00000000c2000000, 0x0000000100000000)
  region size 1024K, 1 young (1024K), 1 survivors (1024K)
 Metaspace       used 70571K, committed 71168K, reserved 1114112K
  class space    used 7349K, committed 7616K, reserved 1048576K
}
Event: 21148.331 GC heap before
{Heap before GC invocations=58 (full 0):
 garbage-first heap   total reserved 1015808K, committed 73728K, used 66512K [0x00000000c2000000, 0x0000000100000000)
  region size 1024K, 39 young (39936K), 1 survivors (1024K)
 Metaspace       used 70655K, committed 71232K, reserved 1114112K
  class space    used 7351K, committed 7616K, reserved 1048576K
}
Event: 21148.573 GC heap after
{Heap after GC invocations=59 (full 0):
 garbage-first heap   total reserved 1015808K, committed 73728K, used 28551K [0x00000000c2000000, 0x0000000100000000)
  region size 1024K, 1 young (1024K), 1 survivors (1024K)
 Metaspace       used 70655K, committed 71232K, reserved 1114112K
  class space    used 7351K, committed 7616K, reserved 1048576K
}
Event: 21296.157 GC heap before
{Heap before GC invocations=60 (full 0):
 garbage-first heap   total reserved 1015808K, committed 73728K, used 30599K [0x00000000c2000000, 0x0000000100000000)
  region size 1024K, 3 young (3072K), 1 survivors (1024K)
 Metaspace       used 70662K, committed 71232K, reserved 1114112K
  class space    used 7351K, committed 7616K, reserved 1048576K
}
Event: 21296.216 GC heap after
{Heap after GC invocations=61 (full 0):
 garbage-first heap   total reserved 1015808K, committed 73728K, used 28289K [0x00000000c2000000, 0x0000000100000000)
  region size 1024K, 1 young (1024K), 1 survivors (1024K)
 Metaspace       used 70662K, committed 71232K, reserved 1114112K
  class space    used 7351K, committed 7616K, reserved 1048576K
}
Event: 21476.515 GC heap before
{Heap before GC invocations=61 (full 0):
 garbage-first heap   total reserved 1015808K, committed 73728K, used 30337K [0x00000000c2000000, 0x0000000100000000)
  region size 1024K, 3 young (3072K), 1 survivors (1024K)
 Metaspace       used 70662K, committed 71232K, reserved 1114112K
  class space    used 7351K, committed 7616K, reserved 1048576K
}
Event: 21476.990 GC heap after
{Heap after GC invocations=62 (full 0):
 garbage-first heap   total reserved 1015808K, committed 73728K, used 27859K [0x00000000c2000000, 0x0000000100000000)
  region size 1024K, 1 young (1024K), 1 survivors (1024K)
 Metaspace       used 70662K, committed 71232K, reserved 1114112K
  class space    used 7351K, committed 7616K, reserved 1048576K
}
Event: 21601.781 GC heap before
{Heap before GC invocations=62 (full 0):
 garbage-first heap   total reserved 1015808K, committed 73728K, used 29907K [0x00000000c2000000, 0x0000000100000000)
  region size 1024K, 3 young (3072K), 1 survivors (1024K)
 Metaspace       used 70668K, committed 71232K, reserved 1114112K
  class space    used 7351K, committed 7616K, reserved 1048576K
}
Event: 21601.855 GC heap after
{Heap after GC invocations=63 (full 0):
 garbage-first heap   total reserved 1015808K, committed 73728K, used 27267K [0x00000000c2000000, 0x0000000100000000)
  region size 1024K, 1 young (1024K), 1 survivors (1024K)
 Metaspace       used 70668K, committed 71232K, reserved 1114112K
  class space    used 7351K, committed 7616K, reserved 1048576K
}

